<?xml version="1.0" encoding="UTF-8"?>
<!-- Generated by org.testng.reporters.JUnitXMLReporter -->
<testsuite ignored="4" hostname="VNCP-Lap" failures="0" tests="1" name="Smoke Test" time="10.298" errors="0" timestamp="2022-12-13T01:06:19 GMT">
  <testcase classname="com.xyzbank.testsuite.BankTest" name="customerShouldLoginAndLogoutSuceessfully" time="1.292"/>
  <testcase classname="com.xyzbank.testsuite.BankTest" name="customerShouldDepositMoneySuccessfully" time="0.0">
    <ignored/>
  </testcase> <!-- customerShouldDepositMoneySuccessfully -->
  <testcase classname="com.xyzbank.testsuite.BankTest" name="bankManagerShouldOpenAccountSuccessfully" time="0.0">
    <ignored/>
  </testcase> <!-- bankManagerShouldOpenAccountSuccessfully -->
  <testcase classname="com.xyzbank.testsuite.BankTest" name="bankManagerShouldAddCustomerSuccessfully" time="0.0">
    <ignored/>
  </testcase> <!-- bankManagerShouldAddCustomerSuccessfully -->
  <testcase classname="com.xyzbank.testsuite.BankTest" name="customerShouldWithdrawMoneySuccessfully" time="0.0">
    <ignored/>
  </testcase> <!-- customerShouldWithdrawMoneySuccessfully -->
</testsuite> <!-- Smoke Test -->
