<?xml version="1.0" encoding="UTF-8"?>
<!-- Generated by org.testng.reporters.JUnitXMLReporter -->
<testsuite ignored="4" hostname="VNCP-Lap" failures="0" tests="1" name="Sanity Test" time="16.385" errors="0" timestamp="2022-12-13T01:01:07 GMT">
  <testcase classname="com.xyzbank.testsuite.BankTest" name="bankManagerShouldAddCustomerSuccessfully" time="1.764"/>
  <testcase classname="com.xyzbank.testsuite.BankTest" name="bankManagerShouldOpenAccountSuccessfully" time="0.0">
    <ignored/>
  </testcase> <!-- bankManagerShouldOpenAccountSuccessfully -->
  <testcase classname="com.xyzbank.testsuite.BankTest" name="customerShouldLoginAndLogoutSuceessfully" time="0.0">
    <ignored/>
  </testcase> <!-- customerShouldLoginAndLogoutSuceessfully -->
  <testcase classname="com.xyzbank.testsuite.BankTest" name="customerShouldWithdrawMoneySuccessfully" time="0.0">
    <ignored/>
  </testcase> <!-- customerShouldWithdrawMoneySuccessfully -->
  <testcase classname="com.xyzbank.testsuite.BankTest" name="customerShouldDepositMoneySuccessfully" time="0.0">
    <ignored/>
  </testcase> <!-- customerShouldDepositMoneySuccessfully -->
</testsuite> <!-- Sanity Test -->
