<?xml version="1.0" encoding="UTF-8"?>
<!-- Generated by org.testng.reporters.JUnitXMLReporter -->
<testsuite ignored="1" hostname="VNCP-Lap" failures="0" tests="1" name="Regression Test" time="26.35" errors="0" timestamp="2022-12-13T01:03:18 GMT">
  <testcase classname="com.xyzbank.testsuite.BankTest" name="bankManagerShouldAddCustomerSuccessfully" time="1.42"/>
  <testcase classname="com.xyzbank.testsuite.BankTest" name="bankManagerShouldOpenAccountSuccessfully" time="0.0">
    <ignored/>
  </testcase> <!-- bankManagerShouldOpenAccountSuccessfully -->
</testsuite> <!-- Regression Test -->
