<?xml version="1.0" encoding="UTF-8"?>
<testng-results ignored="4" total="5" passed="1" failed="0" skipped="0">
  <reporter-output>
    <line>
      <![CDATA[clickOnCustomerLoginTab[[ChromeDriver: chrome on WINDOWS (8d3f04bab727d1899cfb9e5c9c3692dd)] -> xpath: //button[@ng-click = 'customer()']]]]>
    </line>
    <line>
      <![CDATA[searchcustomer1[[ChromeDriver: chrome on WINDOWS (8d3f04bab727d1899cfb9e5c9c3692dd)] -> xpath: //select[@name = 'userSelect']]]]>
    </line>
    <line>
      <![CDATA[clickOnLoginButton[[ChromeDriver: chrome on WINDOWS (8d3f04bab727d1899cfb9e5c9c3692dd)] -> xpath: //button[@type = 'submit']]]]>
    </line>
    <line>
      <![CDATA[verifyLogoutTabdisplayed[[ChromeDriver: chrome on WINDOWS (8d3f04bab727d1899cfb9e5c9c3692dd)] -> xpath: //button[@class = 'btn logout']]]]>
    </line>
    <line>
      <![CDATA[clickOnLogout[[ChromeDriver: chrome on WINDOWS (8d3f04bab727d1899cfb9e5c9c3692dd)] -> xpath: //button[@class = 'btn logout']]]]>
    </line>
    <line>
      <![CDATA[Click to see screenshot]]>
    </line>
    <line>
      <![CDATA[<a target = "_blank" href=C:\Users\Nimisha\Week15-project5-com-xyz-bank-page-factory_NimishaPatel/test-output/html/customerShouldLoginAndLogoutSuceessfullyTue_Dec_13_01_06_18_GMT_2022.jpg>Screenshot</a>]]>
    </line>
    <line>
      <![CDATA[<br>]]>
    </line>
    <line>
      <![CDATA[Click to see screenshot]]>
    </line>
    <line>
      <![CDATA[<a target = "_blank" href=C:\Users\Nimisha\Week15-project5-com-xyz-bank-page-factory_NimishaPatel/test-output/html/customerShouldLoginAndLogoutSuceessfullyTue_Dec_13_01_06_18_GMT_2022.jpg>Screenshot</a>]]>
    </line>
    <line>
      <![CDATA[<br>]]>
    </line>
  </reporter-output>
  <suite started-at="2022-12-13T01:06:09 GMT" name="Smoke Suite" finished-at="2022-12-13T01:06:19 GMT" duration-ms="10298">
    <groups>
      <group name="regression">
        <method signature="BankTest.customerShouldLoginAndLogoutSuceessfully()[pri:0, instance:com.xyzbank.testsuite.BankTest@11392934]" name="customerShouldLoginAndLogoutSuceessfully" class="com.xyzbank.testsuite.BankTest"/>
      </group> <!-- regression -->
      <group name="smoke">
        <method signature="BankTest.customerShouldLoginAndLogoutSuceessfully()[pri:0, instance:com.xyzbank.testsuite.BankTest@11392934]" name="customerShouldLoginAndLogoutSuceessfully" class="com.xyzbank.testsuite.BankTest"/>
      </group> <!-- smoke -->
    </groups>
    <test started-at="2022-12-13T01:06:09 GMT" name="Smoke Test" finished-at="2022-12-13T01:06:19 GMT" duration-ms="10298">
      <class name="com.xyzbank.testsuite.BankTest">
        <test-method is-config="true" signature="setUp()[pri:0, instance:com.xyzbank.testsuite.BankTest@11392934]" started-at="2022-12-13T01:06:09 GMT" name="setUp" finished-at="2022-12-13T01:06:16 GMT" duration-ms="6875" status="PASS">
          <reporter-output>
          </reporter-output>
        </test-method> <!-- setUp -->
        <test-method is-config="true" signature="inIt()[pri:0, instance:com.xyzbank.testsuite.BankTest@11392934]" started-at="2022-12-13T01:06:16 GMT" name="inIt" finished-at="2022-12-13T01:06:16 GMT" duration-ms="6" status="PASS">
          <reporter-output>
          </reporter-output>
        </test-method> <!-- inIt -->
        <test-method signature="customerShouldLoginAndLogoutSuceessfully()[pri:0, instance:com.xyzbank.testsuite.BankTest@11392934]" started-at="2022-12-13T01:06:16 GMT" name="customerShouldLoginAndLogoutSuceessfully" finished-at="2022-12-13T01:06:17 GMT" duration-ms="1292" status="PASS">
          <reporter-output>
            <line>
              <![CDATA[clickOnCustomerLoginTab[[ChromeDriver: chrome on WINDOWS (8d3f04bab727d1899cfb9e5c9c3692dd)] -> xpath: //button[@ng-click = 'customer()']]]]>
            </line>
            <line>
              <![CDATA[searchcustomer1[[ChromeDriver: chrome on WINDOWS (8d3f04bab727d1899cfb9e5c9c3692dd)] -> xpath: //select[@name = 'userSelect']]]]>
            </line>
            <line>
              <![CDATA[clickOnLoginButton[[ChromeDriver: chrome on WINDOWS (8d3f04bab727d1899cfb9e5c9c3692dd)] -> xpath: //button[@type = 'submit']]]]>
            </line>
            <line>
              <![CDATA[verifyLogoutTabdisplayed[[ChromeDriver: chrome on WINDOWS (8d3f04bab727d1899cfb9e5c9c3692dd)] -> xpath: //button[@class = 'btn logout']]]]>
            </line>
            <line>
              <![CDATA[clickOnLogout[[ChromeDriver: chrome on WINDOWS (8d3f04bab727d1899cfb9e5c9c3692dd)] -> xpath: //button[@class = 'btn logout']]]]>
            </line>
            <line>
              <![CDATA[Click to see screenshot]]>
            </line>
            <line>
              <![CDATA[<a target = "_blank" href=C:\Users\Nimisha\Week15-project5-com-xyz-bank-page-factory_NimishaPatel/test-output/html/customerShouldLoginAndLogoutSuceessfullyTue_Dec_13_01_06_18_GMT_2022.jpg>Screenshot</a>]]>
            </line>
            <line>
              <![CDATA[<br>]]>
            </line>
            <line>
              <![CDATA[Click to see screenshot]]>
            </line>
            <line>
              <![CDATA[<a target = "_blank" href=C:\Users\Nimisha\Week15-project5-com-xyz-bank-page-factory_NimishaPatel/test-output/html/customerShouldLoginAndLogoutSuceessfullyTue_Dec_13_01_06_18_GMT_2022.jpg>Screenshot</a>]]>
            </line>
            <line>
              <![CDATA[<br>]]>
            </line>
          </reporter-output>
        </test-method> <!-- customerShouldLoginAndLogoutSuceessfully -->
        <test-method is-config="true" signature="tearDown()[pri:0, instance:com.xyzbank.testsuite.BankTest@11392934]" started-at="2022-12-13T01:06:18 GMT" name="tearDown" finished-at="2022-12-13T01:06:19 GMT" duration-ms="846" status="PASS">
          <reporter-output>
          </reporter-output>
        </test-method> <!-- tearDown -->
      </class> <!-- com.xyzbank.testsuite.BankTest -->
    </test> <!-- Smoke Test -->
  </suite> <!-- Smoke Suite -->
</testng-results>
