<?xml version="1.0" encoding="UTF-8"?>
<!-- Generated by org.testng.reporters.JUnitXMLReporter -->
<testsuite ignored="0" hostname="VNCP-Lap" failures="0" tests="2" name="Login Test" time="40.358" errors="0" timestamp="2022-12-13T01:09:46 GMT">
  <testcase classname="com.xyzbank.testsuite.BankTest" name="bankManagerShouldAddCustomerSuccessfully" time="1.712"/>
  <testcase classname="com.xyzbank.testsuite.BankTest" name="bankManagerShouldOpenAccountSuccessfully" time="1.513"/>
</testsuite> <!-- Login Test -->
